0 info it worked if it ends with ok
1 verbose cli [ '/Users/samishra/.nvm/v0.10.24/bin/node',
1 verbose cli   '/Users/samishra/.nvm/v0.10.24/bin/npm',
1 verbose cli   'install' ]
2 info using npm@1.3.21
3 info using node@v0.10.24
4 verbose readDependencies using package.json deps
5 verbose install where, deps [ '/Users/samishra/projects/tic-tac-toe',
5 verbose install   [ 'js-yaml', 'express', 'coffee-script-redux', 'underscore' ] ]
6 info preinstall tic-tac-toe@0.0.1
7 verbose readDependencies using package.json deps
8 verbose cache add [ 'js-yaml@~2.0.0', null ]
9 verbose cache add name=undefined spec="js-yaml@~2.0.0" args=["js-yaml@~2.0.0",null]
10 verbose parsed url { protocol: null,
10 verbose parsed url   slashes: null,
10 verbose parsed url   auth: null,
10 verbose parsed url   host: null,
10 verbose parsed url   port: null,
10 verbose parsed url   hostname: null,
10 verbose parsed url   hash: null,
10 verbose parsed url   search: null,
10 verbose parsed url   query: null,
10 verbose parsed url   pathname: 'js-yaml@~2.0.0',
10 verbose parsed url   path: 'js-yaml@~2.0.0',
10 verbose parsed url   href: 'js-yaml@~2.0.0' }
11 verbose cache add name="js-yaml" spec="~2.0.0" args=["js-yaml","~2.0.0"]
12 verbose parsed url { protocol: null,
12 verbose parsed url   slashes: null,
12 verbose parsed url   auth: null,
12 verbose parsed url   host: null,
12 verbose parsed url   port: null,
12 verbose parsed url   hostname: null,
12 verbose parsed url   hash: null,
12 verbose parsed url   search: null,
12 verbose parsed url   query: null,
12 verbose parsed url   pathname: '~2.0.0',
12 verbose parsed url   path: '~2.0.0',
12 verbose parsed url   href: '~2.0.0' }
13 verbose addNamed [ 'js-yaml', '~2.0.0' ]
14 verbose addNamed [ null, '>=2.0.0-0 <2.1.0-0' ]
15 verbose cache add [ 'express@3.x', null ]
16 verbose cache add name=undefined spec="express@3.x" args=["express@3.x",null]
17 verbose parsed url { protocol: null,
17 verbose parsed url   slashes: null,
17 verbose parsed url   auth: null,
17 verbose parsed url   host: null,
17 verbose parsed url   port: null,
17 verbose parsed url   hostname: null,
17 verbose parsed url   hash: null,
17 verbose parsed url   search: null,
17 verbose parsed url   query: null,
17 verbose parsed url   pathname: 'express@3.x',
17 verbose parsed url   path: 'express@3.x',
17 verbose parsed url   href: 'express@3.x' }
18 verbose cache add name="express" spec="3.x" args=["express","3.x"]
19 verbose parsed url { protocol: null,
19 verbose parsed url   slashes: null,
19 verbose parsed url   auth: null,
19 verbose parsed url   host: null,
19 verbose parsed url   port: null,
19 verbose parsed url   hostname: null,
19 verbose parsed url   hash: null,
19 verbose parsed url   search: null,
19 verbose parsed url   query: null,
19 verbose parsed url   pathname: '3.x',
19 verbose parsed url   path: '3.x',
19 verbose parsed url   href: '3.x' }
20 verbose addNamed [ 'express', '3.x' ]
21 verbose addNamed [ null, '>=3.0.0-0 <4.0.0-0' ]
22 silly lockFile 0450e624-js-yaml-2-0-0 js-yaml@~2.0.0
23 verbose lock js-yaml@~2.0.0 /Users/samishra/.npm/0450e624-js-yaml-2-0-0.lock
24 verbose cache add [ 'coffee-script-redux@2.0.0-beta7', null ]
25 verbose cache add name=undefined spec="coffee-script-redux@2.0.0-beta7" args=["coffee-script-redux@2.0.0-beta7",null]
26 verbose parsed url { protocol: null,
26 verbose parsed url   slashes: null,
26 verbose parsed url   auth: null,
26 verbose parsed url   host: null,
26 verbose parsed url   port: null,
26 verbose parsed url   hostname: null,
26 verbose parsed url   hash: null,
26 verbose parsed url   search: null,
26 verbose parsed url   query: null,
26 verbose parsed url   pathname: 'coffee-script-redux@2.0.0-beta7',
26 verbose parsed url   path: 'coffee-script-redux@2.0.0-beta7',
26 verbose parsed url   href: 'coffee-script-redux@2.0.0-beta7' }
27 verbose cache add name="coffee-script-redux" spec="2.0.0-beta7" args=["coffee-script-redux","2.0.0-beta7"]
28 verbose parsed url { protocol: null,
28 verbose parsed url   slashes: null,
28 verbose parsed url   auth: null,
28 verbose parsed url   host: null,
28 verbose parsed url   port: null,
28 verbose parsed url   hostname: null,
28 verbose parsed url   hash: null,
28 verbose parsed url   search: null,
28 verbose parsed url   query: null,
28 verbose parsed url   pathname: '2.0.0-beta7',
28 verbose parsed url   path: '2.0.0-beta7',
28 verbose parsed url   href: '2.0.0-beta7' }
29 verbose addNamed [ 'coffee-script-redux', '2.0.0-beta7' ]
30 verbose addNamed [ '2.0.0-beta7', '2.0.0-beta7' ]
31 silly lockFile 044ae628-coffee-script-redux-2-0-0-beta7 coffee-script-redux@2.0.0-beta7
32 verbose lock coffee-script-redux@2.0.0-beta7 /Users/samishra/.npm/044ae628-coffee-script-redux-2-0-0-beta7.lock
33 verbose cache add [ 'underscore@~1.5.2', null ]
34 verbose cache add name=undefined spec="underscore@~1.5.2" args=["underscore@~1.5.2",null]
35 verbose parsed url { protocol: null,
35 verbose parsed url   slashes: null,
35 verbose parsed url   auth: null,
35 verbose parsed url   host: null,
35 verbose parsed url   port: null,
35 verbose parsed url   hostname: null,
35 verbose parsed url   hash: null,
35 verbose parsed url   search: null,
35 verbose parsed url   query: null,
35 verbose parsed url   pathname: 'underscore@~1.5.2',
35 verbose parsed url   path: 'underscore@~1.5.2',
35 verbose parsed url   href: 'underscore@~1.5.2' }
36 verbose cache add name="underscore" spec="~1.5.2" args=["underscore","~1.5.2"]
37 verbose parsed url { protocol: null,
37 verbose parsed url   slashes: null,
37 verbose parsed url   auth: null,
37 verbose parsed url   host: null,
37 verbose parsed url   port: null,
37 verbose parsed url   hostname: null,
37 verbose parsed url   hash: null,
37 verbose parsed url   search: null,
37 verbose parsed url   query: null,
37 verbose parsed url   pathname: '~1.5.2',
37 verbose parsed url   path: '~1.5.2',
37 verbose parsed url   href: '~1.5.2' }
38 verbose addNamed [ 'underscore', '~1.5.2' ]
39 verbose addNamed [ null, '>=1.5.2-0 <1.6.0-0' ]
40 silly lockFile dba44b4a-underscore-1-5-2 underscore@~1.5.2
41 verbose lock underscore@~1.5.2 /Users/samishra/.npm/dba44b4a-underscore-1-5-2.lock
42 silly lockFile 3a341b85-express-3-x express@3.x
43 verbose lock express@3.x /Users/samishra/.npm/3a341b85-express-3-x.lock
44 silly addNameRange { name: 'js-yaml', range: '>=2.0.0-0 <2.1.0-0', hasData: false }
45 silly addNameRange { name: 'underscore',
45 silly addNameRange   range: '>=1.5.2-0 <1.6.0-0',
45 silly addNameRange   hasData: false }
46 silly addNameRange { name: 'express', range: '>=3.0.0-0 <4.0.0-0', hasData: false }
47 verbose url raw coffee-script-redux/2.0.0-beta7
48 verbose url resolving [ 'http://npm-registry.snc1/',
48 verbose url resolving   './coffee-script-redux/2.0.0-beta7' ]
49 verbose url resolved http://npm-registry.snc1/coffee-script-redux/2.0.0-beta7
50 info trying registry request attempt 1 at 21:21:39
51 verbose etag "EZKQR4KZS7DZ6BA1HVQCRCAR7"
52 http GET http://npm-registry.snc1/coffee-script-redux/2.0.0-beta7
53 verbose url raw js-yaml
54 verbose url resolving [ 'http://npm-registry.snc1/', './js-yaml' ]
55 verbose url resolved http://npm-registry.snc1/js-yaml
56 info trying registry request attempt 1 at 21:21:39
57 verbose etag "16LX51WIF09BV7BNHNM2MF7Z"
58 http GET http://npm-registry.snc1/js-yaml
59 verbose url raw underscore
60 verbose url resolving [ 'http://npm-registry.snc1/', './underscore' ]
61 verbose url resolved http://npm-registry.snc1/underscore
62 info trying registry request attempt 1 at 21:21:39
63 verbose etag "2688TX9KA6EPYUFXD5HGA6UKT"
64 http GET http://npm-registry.snc1/underscore
65 info retry will retry, error on last attempt: Error: connect ECONNREFUSED
66 info retry will retry, error on last attempt: Error: connect ECONNREFUSED
67 info retry will retry, error on last attempt: Error: connect ECONNREFUSED
68 verbose url raw express
69 verbose url resolving [ 'http://npm-registry.snc1/', './express' ]
70 verbose url resolved http://npm-registry.snc1/express
71 info trying registry request attempt 1 at 21:21:40
72 verbose etag "4Y0TBQXMMT797KZ02AGSMQXDH"
73 http GET http://npm-registry.snc1/express
74 info retry will retry, error on last attempt: Error: connect ECONNREFUSED
75 info trying registry request attempt 2 at 21:21:49
76 verbose etag "EZKQR4KZS7DZ6BA1HVQCRCAR7"
77 http GET http://npm-registry.snc1/coffee-script-redux/2.0.0-beta7
78 info trying registry request attempt 2 at 21:21:49
79 verbose etag "16LX51WIF09BV7BNHNM2MF7Z"
80 http GET http://npm-registry.snc1/js-yaml
81 info trying registry request attempt 2 at 21:21:49
82 verbose etag "2688TX9KA6EPYUFXD5HGA6UKT"
83 http GET http://npm-registry.snc1/underscore
84 info retry will retry, error on last attempt: Error: connect ECONNREFUSED
85 info retry will retry, error on last attempt: Error: connect ECONNREFUSED
86 info retry will retry, error on last attempt: Error: connect ECONNREFUSED
87 info trying registry request attempt 2 at 21:21:50
88 verbose etag "4Y0TBQXMMT797KZ02AGSMQXDH"
89 http GET http://npm-registry.snc1/express
90 info retry will retry, error on last attempt: Error: connect ECONNREFUSED
91 info trying registry request attempt 3 at 21:22:49
92 verbose etag "EZKQR4KZS7DZ6BA1HVQCRCAR7"
93 http GET http://npm-registry.snc1/coffee-script-redux/2.0.0-beta7
94 info trying registry request attempt 3 at 21:22:49
95 verbose etag "16LX51WIF09BV7BNHNM2MF7Z"
96 http GET http://npm-registry.snc1/js-yaml
97 info trying registry request attempt 3 at 21:22:49
98 verbose etag "2688TX9KA6EPYUFXD5HGA6UKT"
99 http GET http://npm-registry.snc1/underscore
100 silly registry.get cb [ 304, undefined ]
101 verbose etag coffee-script-redux/2.0.0-beta7 from cache
102 silly registry.get cb [ 304, undefined ]
103 verbose etag js-yaml from cache
104 silly registry.get cb [ 304, undefined ]
105 verbose etag underscore from cache
106 silly addNameRange number 2 { name: 'js-yaml', range: '>=2.0.0-0 <2.1.0-0', hasData: true }
107 silly addNameRange versions [ 'js-yaml',
107 silly addNameRange   [ '0.2.0',
107 silly addNameRange     '0.2.1',
107 silly addNameRange     '0.2.2',
107 silly addNameRange     '0.3.0',
107 silly addNameRange     '0.3.1',
107 silly addNameRange     '0.3.2',
107 silly addNameRange     '0.3.3',
107 silly addNameRange     '0.3.4',
107 silly addNameRange     '0.3.5',
107 silly addNameRange     '0.3.6',
107 silly addNameRange     '0.3.7',
107 silly addNameRange     '1.0.0',
107 silly addNameRange     '1.0.1',
107 silly addNameRange     '1.0.2',
107 silly addNameRange     '1.0.3',
107 silly addNameRange     '2.0.0',
107 silly addNameRange     '2.0.1',
107 silly addNameRange     '2.0.2',
107 silly addNameRange     '2.0.3',
107 silly addNameRange     '2.0.4',
107 silly addNameRange     '2.0.5',
107 silly addNameRange     '2.1.0',
107 silly addNameRange     '2.1.1',
107 silly addNameRange     '2.1.2',
107 silly addNameRange     '2.1.3',
107 silly addNameRange     '3.0.0',
107 silly addNameRange     '3.0.1',
107 silly addNameRange     '3.0.2' ] ]
108 verbose addNamed [ 'js-yaml', '2.0.5' ]
109 verbose addNamed [ '2.0.5', '2.0.5' ]
110 silly lockFile 0aecb717-js-yaml-2-0-5 js-yaml@2.0.5
111 verbose lock js-yaml@2.0.5 /Users/samishra/.npm/0aecb717-js-yaml-2-0-5.lock
112 silly addNameRange number 2 { name: 'underscore',
112 silly addNameRange   range: '>=1.5.2-0 <1.6.0-0',
112 silly addNameRange   hasData: true }
113 silly addNameRange versions [ 'underscore',
113 silly addNameRange   [ '1.0.3',
113 silly addNameRange     '1.0.4',
113 silly addNameRange     '1.1.0',
113 silly addNameRange     '1.1.1',
113 silly addNameRange     '1.1.2',
113 silly addNameRange     '1.1.3',
113 silly addNameRange     '1.1.4',
113 silly addNameRange     '1.1.5',
113 silly addNameRange     '1.1.6',
113 silly addNameRange     '1.1.7',
113 silly addNameRange     '1.2.0',
113 silly addNameRange     '1.2.1',
113 silly addNameRange     '1.2.2',
113 silly addNameRange     '1.2.3',
113 silly addNameRange     '1.2.4',
113 silly addNameRange     '1.3.0',
113 silly addNameRange     '1.3.1',
113 silly addNameRange     '1.3.2',
113 silly addNameRange     '1.3.3',
113 silly addNameRange     '1.4.0',
113 silly addNameRange     '1.4.1',
113 silly addNameRange     '1.4.2',
113 silly addNameRange     '1.4.3',
113 silly addNameRange     '1.4.4',
113 silly addNameRange     '1.5.0',
113 silly addNameRange     '1.5.1',
113 silly addNameRange     '1.5.2',
113 silly addNameRange     '1.6.0' ] ]
114 verbose addNamed [ 'underscore', '1.5.2' ]
115 verbose addNamed [ '1.5.2', '1.5.2' ]
116 silly lockFile 669f6cbc-underscore-1-5-2 underscore@1.5.2
117 verbose lock underscore@1.5.2 /Users/samishra/.npm/669f6cbc-underscore-1-5-2.lock
118 info trying registry request attempt 3 at 21:22:50
119 verbose etag "4Y0TBQXMMT797KZ02AGSMQXDH"
120 http GET http://npm-registry.snc1/express
121 silly registry.get cb [ 304, undefined ]
122 verbose etag express from cache
123 silly lockFile 044ae628-coffee-script-redux-2-0-0-beta7 coffee-script-redux@2.0.0-beta7
124 silly lockFile 044ae628-coffee-script-redux-2-0-0-beta7 coffee-script-redux@2.0.0-beta7
125 silly addNameRange number 2 { name: 'express', range: '>=3.0.0-0 <4.0.0-0', hasData: true }
126 silly addNameRange versions [ 'express',
126 silly addNameRange   [ '0.14.0',
126 silly addNameRange     '0.14.1',
126 silly addNameRange     '1.0.0',
126 silly addNameRange     '1.0.1',
126 silly addNameRange     '1.0.2',
126 silly addNameRange     '1.0.3',
126 silly addNameRange     '1.0.4',
126 silly addNameRange     '1.0.5',
126 silly addNameRange     '1.0.6',
126 silly addNameRange     '1.0.7',
126 silly addNameRange     '1.0.8',
126 silly addNameRange     '2.0.0',
126 silly addNameRange     '2.1.0',
126 silly addNameRange     '2.1.1',
126 silly addNameRange     '2.2.0',
126 silly addNameRange     '2.2.1',
126 silly addNameRange     '2.2.2',
126 silly addNameRange     '2.3.0',
126 silly addNameRange     '2.3.1',
126 silly addNameRange     '2.3.2',
126 silly addNameRange     '2.3.3',
126 silly addNameRange     '2.3.4',
126 silly addNameRange     '2.3.5',
126 silly addNameRange     '2.3.6',
126 silly addNameRange     '2.3.7',
126 silly addNameRange     '2.3.8',
126 silly addNameRange     '2.3.9',
126 silly addNameRange     '2.3.10',
126 silly addNameRange     '2.3.11',
126 silly addNameRange     '2.3.12',
126 silly addNameRange     '2.4.0',
126 silly addNameRange     '2.4.1',
126 silly addNameRange     '2.4.2',
126 silly addNameRange     '2.4.3',
126 silly addNameRange     '2.4.4',
126 silly addNameRange     '2.4.5',
126 silly addNameRange     '2.4.6',
126 silly addNameRange     '2.4.7',
126 silly addNameRange     '2.5.0',
126 silly addNameRange     '2.5.1',
126 silly addNameRange     '2.5.2',
126 silly addNameRange     '2.5.3',
126 silly addNameRange     '2.5.4',
126 silly addNameRange     '2.5.5',
126 silly addNameRange     '2.5.6',
126 silly addNameRange     '2.5.7',
126 silly addNameRange     '2.5.8',
126 silly addNameRange     '2.5.9',
126 silly addNameRange     '2.5.10',
126 silly addNameRange     '2.5.11',
126 silly addNameRange     '3.0.0',
126 silly addNameRange     '3.0.1',
126 silly addNameRange     '3.0.2',
126 silly addNameRange     '3.0.3',
126 silly addNameRange     '3.0.4',
126 silly addNameRange     '3.0.5',
126 silly addNameRange     '3.0.6',
126 silly addNameRange     '3.1.0',
126 silly addNameRange     '3.1.1',
126 silly addNameRange     '3.1.2',
126 silly addNameRange     '3.2.0',
126 silly addNameRange     '3.2.1',
126 silly addNameRange     '3.2.2',
126 silly addNameRange     '3.2.3',
126 silly addNameRange     '3.2.4',
126 silly addNameRange     '3.2.5',
126 silly addNameRange     '3.2.6',
126 silly addNameRange     '3.3.0',
126 silly addNameRange     '3.3.1',
126 silly addNameRange     '3.3.2',
126 silly addNameRange     '3.3.3',
126 silly addNameRange     '3.3.4',
126 silly addNameRange     '3.3.5',
126 silly addNameRange     '3.3.6',
126 silly addNameRange     '3.3.7',
126 silly addNameRange     '3.3.8',
126 silly addNameRange     '3.4.0',
126 silly addNameRange     '3.4.1',
126 silly addNameRange     '3.4.2',
126 silly addNameRange     '3.4.3',
126 silly addNameRange     '3.4.4',
126 silly addNameRange     '3.4.5',
126 silly addNameRange     '3.4.6',
126 silly addNameRange     '3.4.7',
126 silly addNameRange     '3.4.8',
126 silly addNameRange     '4.0.0-rc1',
126 silly addNameRange     '4.0.0-rc2',
126 silly addNameRange     '3.5.0',
126 silly addNameRange     '4.0.0-rc3',
126 silly addNameRange     '1.0.0-beta',
126 silly addNameRange     '1.0.0-beta2',
126 silly addNameRange     '1.0.0-rc',
126 silly addNameRange     '1.0.0-rc2',
126 silly addNameRange     '1.0.0-rc3',
126 silly addNameRange     '1.0.0-rc4',
126 silly addNameRange     '2.0.0-beta',
126 silly addNameRange     '2.0.0-beta2',
126 silly addNameRange     '2.0.0-beta3',
126 silly addNameRange     '2.0.0-rc',
126 silly addNameRange     '2.0.0-rc2',
126 silly addNameRange     '2.0.0-rc3',
126 silly addNameRange     '3.0.0-alpha1',
126 silly addNameRange     '3.0.0-alpha2',
126 silly addNameRange     '3.0.0-alpha3',
126 silly addNameRange     '3.0.0-alpha4',
126 silly addNameRange     '3.0.0-alpha5',
126 silly addNameRange     '3.0.0-beta1',
126 silly addNameRange     '3.0.0-beta2',
126 silly addNameRange     '3.0.0-beta3',
126 silly addNameRange     '3.0.0-beta4',
126 silly addNameRange     '3.0.0-beta6',
126 silly addNameRange     '3.0.0-beta7',
126 silly addNameRange     '3.0.0-rc1',
126 silly addNameRange     '3.0.0-rc2',
126 silly addNameRange     '3.0.0-rc3',
126 silly addNameRange     '3.0.0-rc4',
126 silly addNameRange     '3.0.0-rc5',
126 silly addNameRange     '4.0.0-rc4',
126 silly addNameRange     '3.5.1' ] ]
127 verbose addNamed [ 'express', '3.5.1' ]
128 verbose addNamed [ '3.5.1', '3.5.1' ]
129 silly lockFile d983726f-express-3-5-1 express@3.5.1
130 verbose lock express@3.5.1 /Users/samishra/.npm/d983726f-express-3-5-1.lock
131 silly lockFile 0aecb717-js-yaml-2-0-5 js-yaml@2.0.5
132 silly lockFile 0aecb717-js-yaml-2-0-5 js-yaml@2.0.5
133 silly lockFile 669f6cbc-underscore-1-5-2 underscore@1.5.2
134 silly lockFile 669f6cbc-underscore-1-5-2 underscore@1.5.2
135 silly lockFile 0450e624-js-yaml-2-0-0 js-yaml@~2.0.0
136 silly lockFile 0450e624-js-yaml-2-0-0 js-yaml@~2.0.0
137 silly lockFile dba44b4a-underscore-1-5-2 underscore@~1.5.2
138 silly lockFile dba44b4a-underscore-1-5-2 underscore@~1.5.2
139 silly lockFile 82f49499-y-snc1-express-express-3-5-1-tgz http://npm-registry.snc1/express/-/express-3.5.1.tgz
140 verbose lock http://npm-registry.snc1/express/-/express-3.5.1.tgz /Users/samishra/.npm/82f49499-y-snc1-express-express-3-5-1-tgz.lock
141 verbose addRemoteTarball [ 'http://npm-registry.snc1/express/-/express-3.5.1.tgz',
141 verbose addRemoteTarball   '4b333e1117faca336a538f4c724140b9ce1a87e7' ]
142 info retry fetch attempt 1 at 21:22:50
143 verbose fetch to= /var/folders/bh/jwj37hcj3sbdncvg9pxtbxlxf27k4c/T/npm-13638-x4y4nk1F/1402933970024-0.33095315052196383/tmp.tgz
144 http GET http://npm-registry.snc1/express/-/express-3.5.1.tgz
145 error fetch failed http://npm-registry.snc1/express/-/express-3.5.1.tgz
146 info retry will retry, error on last attempt: Error: connect ECONNREFUSED
147 info retry fetch attempt 2 at 21:23:00
148 verbose fetch to= /var/folders/bh/jwj37hcj3sbdncvg9pxtbxlxf27k4c/T/npm-13638-x4y4nk1F/1402933970024-0.33095315052196383/tmp.tgz
149 http GET http://npm-registry.snc1/express/-/express-3.5.1.tgz
150 error fetch failed http://npm-registry.snc1/express/-/express-3.5.1.tgz
151 info retry will retry, error on last attempt: Error: connect ECONNREFUSED
152 info retry fetch attempt 3 at 21:24:00
153 verbose fetch to= /var/folders/bh/jwj37hcj3sbdncvg9pxtbxlxf27k4c/T/npm-13638-x4y4nk1F/1402933970024-0.33095315052196383/tmp.tgz
154 http GET http://npm-registry.snc1/express/-/express-3.5.1.tgz
155 error fetch failed http://npm-registry.snc1/express/-/express-3.5.1.tgz
156 silly lockFile 82f49499-y-snc1-express-express-3-5-1-tgz http://npm-registry.snc1/express/-/express-3.5.1.tgz
157 silly lockFile 82f49499-y-snc1-express-express-3-5-1-tgz http://npm-registry.snc1/express/-/express-3.5.1.tgz
158 silly lockFile d983726f-express-3-5-1 express@3.5.1
159 silly lockFile d983726f-express-3-5-1 express@3.5.1
160 silly lockFile 3a341b85-express-3-x express@3.x
161 silly lockFile 3a341b85-express-3-x express@3.x
162 error Error: connect ECONNREFUSED
162 error     at errnoException (net.js:901:11)
162 error     at Object.afterConnect [as oncomplete] (net.js:892:19)
162 error  { [Error: connect ECONNREFUSED]
162 error   code: 'ECONNREFUSED',
162 error   errno: 'ECONNREFUSED',
162 error   syscall: 'connect' }
163 error If you are behind a proxy, please make sure that the
163 error 'proxy' config is set properly.  See: 'npm help config'
164 error System Darwin 12.5.0
165 error command "/Users/samishra/.nvm/v0.10.24/bin/node" "/Users/samishra/.nvm/v0.10.24/bin/npm" "install"
166 error cwd /Users/samishra/projects/tic-tac-toe
167 error node -v v0.10.24
168 error npm -v 1.3.21
169 error syscall connect
170 error code ECONNREFUSED
171 error errno ECONNREFUSED
172 error stack Error: connect ECONNREFUSED
172 error stack     at errnoException (net.js:901:11)
172 error stack     at Object.afterConnect [as oncomplete] (net.js:892:19)
173 verbose exit [ 1, true ]
